TN:
SF:/Users/jamesgaddum/Dev/calc/calc-rs/contracts/dca/src/bin/schema.rs
FNF:0
DA:5,0
DA:6,0
DA:7,0
DA:8,0
DA:9,0
LF:5
LH:0
end_of_record
TN:
SF:/Users/jamesgaddum/Dev/calc/calc-rs/contracts/dca/src/contract.rs
FNF:0
DA:47,3
DA:48,3
DA:52,205
DA:58,205
DA:62,5
DA:68,5
DA:70,5
DA:71,5
DA:72,5
DA:73,5
DA:74,0
DA:76,0
DA:77,0
DA:78,0
DA:79,0
DA:80,0
DA:81,0
DA:82,0
DA:83,0
DA:84,0
DA:85,0
DA:86,0
DA:87,0
DA:89,0
DA:90,0
DA:91,0
DA:92,0
DA:93,0
DA:94,0
DA:95,0
DA:96,0
DA:97,0
DA:98,0
DA:99,0
DA:100,0
DA:101,0
DA:102,0
DA:103,0
DA:106,0
DA:107,0
DA:108,0
DA:109,0
DA:110,0
DA:111,0
DA:112,0
DA:114,0
DA:115,0
DA:116,0
DA:117,0
DA:118,0
DA:119,0
DA:120,0
DA:121,0
DA:122,0
DA:124,0
DA:125,0
DA:126,0
DA:127,0
DA:130,0
DA:131,0
DA:132,0
DA:133,0
DA:134,0
DA:135,0
DA:136,0
DA:137,0
DA:138,0
DA:139,0
DA:141,0
DA:142,0
DA:143,0
DA:144,0
DA:145,0
DA:146,0
DA:147,0
DA:148,0
DA:149,0
DA:150,0
DA:151,0
DA:152,0
DA:155,0
DA:156,0
DA:157,0
DA:158,0
DA:159,0
DA:161,0
DA:162,0
DA:164,0
DA:165,0
DA:168,0
DA:169,0
DA:171,0
DA:172,0
DA:173,0
DA:174,0
DA:175,0
DA:177,0
DA:182,0
DA:183,0
DA:184,0
DA:185,0
DA:186,0
DA:187,0
DA:188,0
DA:189,0
DA:195,9
DA:196,9
DA:197,2
DA:198,0
DA:199,0
DA:202,0
DA:205,0
DA:206,0
DA:207,0
DA:208,0
DA:210,7
DA:211,7
DA:212,7
DA:213,7
DA:214,7
DA:215,7
DA:216,7
DA:217,7
DA:218,7
DA:219,7
DA:221,0
DA:223,0
DA:224,0
DA:225,0
DA:226,0
DA:227,0
DA:228,0
DA:229,0
DA:230,0
DA:231,0
DA:232,0
DA:235,0
DA:236,0
DA:237,0
DA:238,0
DA:239,0
DA:240,0
DA:241,0
DA:242,0
DA:244,0
DA:245,0
LF:146
LH:23
end_of_record
TN:
SF:/Users/jamesgaddum/Dev/calc/calc-rs/contracts/dca/src/error.rs
FNF:0
DA:17,0
DA:18,0
DA:23,0
DA:25,0
DA:31,2
DA:32,2
DA:33,0
DA:34,2
DA:35,0
LF:9
LH:3
end_of_record
TN:
SF:/Users/jamesgaddum/Dev/calc/calc-rs/contracts/dca/src/handlers/cancel_vault.rs
FNF:0
DA:18,11
DA:24,22
DA:26,12
DA:27,11
DA:30,9
DA:31,9
DA:34,9
DA:36,1
DA:37,1
DA:38,1
DA:42,9
DA:44,18
DA:45,9
DA:46,9
DA:47,9
DA:52,9
DA:53,9
DA:54,9
DA:55,9
DA:56,9
DA:60,12
DA:61,9
DA:62,3
DA:64,3
DA:65,3
DA:66,3
DA:67,3
DA:68,3
DA:70,3
DA:71,3
DA:74,3
DA:75,3
DA:76,3
DA:77,3
DA:78,3
DA:79,3
DA:81,3
DA:82,3
DA:87,9
DA:89,9
DA:90,9
DA:91,9
DA:92,9
DA:93,9
DA:94,9
LF:45
LH:45
end_of_record
TN:
SF:/Users/jamesgaddum/Dev/calc/calc-rs/contracts/dca/src/handlers/create_custom_swap_fee.rs
FNF:0
DA:15,6
DA:16,7
DA:17,6
DA:19,4
DA:21,4
DA:22,4
DA:23,4
DA:24,4
LF:8
LH:8
end_of_record
TN:
SF:/Users/jamesgaddum/Dev/calc/calc-rs/contracts/dca/src/handlers/create_pair.rs
FNF:0
DA:14,30
DA:15,28
DA:18,28
DA:19,28
DA:20,28
DA:23,28
DA:25,28
DA:26,28
DA:27,28
DA:28,28
DA:29,28
LF:11
LH:11
end_of_record
TN:
SF:/Users/jamesgaddum/Dev/calc/calc-rs/contracts/dca/src/handlers/create_vault.rs
FNF:0
DA:56,31
DA:57,29
DA:58,31
DA:59,28
DA:60,27
DA:61,26
DA:63,24
DA:64,24
DA:65,24
DA:68,23
DA:69,23
DA:72,21
DA:73,0
DA:76,29
DA:77,10
DA:80,20
DA:81,2
DA:84,31
DA:86,13
DA:87,13
DA:91,29
DA:92,12
DA:93,12
DA:94,12
DA:95,12
DA:99,17
DA:100,18
DA:101,17
DA:102,16
DA:104,28
DA:106,14
DA:108,28
DA:110,34
DA:111,6
DA:112,5
DA:113,5
DA:114,5
DA:115,5
DA:116,5
DA:117,5
DA:118,5
DA:120,5
DA:121,5
DA:125,1
DA:126,1
DA:127,1
DA:128,1
DA:129,1
DA:130,1
DA:131,1
DA:132,1
DA:133,1
DA:138,8
DA:141,28
DA:143,5
DA:144,5
DA:145,5
DA:148,9
DA:151,14
DA:153,19
DA:154,5
DA:161,14
DA:163,14
DA:165,14
DA:167,14
DA:171,14
DA:172,14
DA:173,14
DA:174,14
DA:179,28
DA:181,14
DA:184,14
DA:185,14
DA:186,14
DA:187,14
DA:188,14
DA:189,14
DA:190,14
DA:191,14
DA:192,2
DA:194,12
DA:196,14
DA:197,14
DA:203,14
DA:205,14
DA:206,14
DA:207,14
DA:209,14
DA:212,12
DA:213,12
DA:214,12
DA:215,12
DA:216,12
DA:217,11
DA:218,1
DA:224,13
DA:225,1
DA:226,1
DA:227,1
DA:228,1
DA:230,1
DA:231,1
DA:235,12
DA:237,2
DA:238,2
DA:239,2
DA:242,2
DA:243,2
DA:244,2
DA:245,2
DA:246,2
DA:247,2
DA:253,2
DA:254,2
DA:255,2
DA:256,2
DA:257,2
DA:259,2
DA:260,2
DA:261,2
DA:263,2
DA:267,2
DA:268,2
DA:269,2
DA:270,2
DA:271,2
DA:273,2
DA:274,2
DA:276,2
DA:279,0
DA:280,0
DA:281,0
LF:132
LH:128
end_of_record
TN:
SF:/Users/jamesgaddum/Dev/calc/calc-rs/contracts/dca/src/handlers/delete_pair.rs
FNF:0
DA:7,2
DA:8,4
DA:9,1
DA:11,1
DA:12,1
DA:13,1
DA:14,1
DA:15,1
LF:8
LH:8
end_of_record
TN:
SF:/Users/jamesgaddum/Dev/calc/calc-rs/contracts/dca/src/handlers/deposit.rs
FNF:0
DA:27,15
DA:28,13
DA:29,14
DA:31,24
DA:33,12
DA:34,1
DA:35,1
DA:36,1
DA:37,1
DA:42,12
DA:44,10
DA:45,10
DA:48,9
DA:49,18
DA:52,9
DA:53,9
DA:54,9
DA:55,9
DA:56,9
DA:57,1
DA:59,8
DA:61,9
DA:62,10
DA:64,1
DA:65,1
DA:66,1
DA:67,1
DA:68,1
DA:69,1
DA:70,1
DA:71,1
DA:72,1
DA:74,1
DA:75,1
DA:77,0
DA:85,9
DA:86,9
DA:87,9
DA:88,9
DA:89,9
DA:90,9
DA:95,17
DA:97,0
DA:98,0
DA:99,0
DA:100,0
DA:101,0
DA:102,0
DA:103,0
DA:104,0
DA:111,9
DA:112,9
DA:113,9
DA:114,9
DA:115,9
LF:55
LH:46
end_of_record
TN:
SF:/Users/jamesgaddum/Dev/calc/calc-rs/contracts/dca/src/handlers/disburse_escrow.rs
FNF:0
DA:29,8
DA:31,16
DA:33,8
DA:35,8
DA:36,8
DA:38,8
DA:39,1
DA:40,1
DA:41,1
DA:42,1
DA:44,1
DA:45,1
DA:46,1
DA:50,14
DA:52,10
DA:53,3
DA:54,1
DA:55,1
DA:60,12
DA:61,12
DA:62,12
DA:63,12
DA:66,6
DA:67,6
DA:68,6
DA:69,6
DA:74,6
DA:75,6
DA:76,6
DA:77,6
DA:78,6
DA:79,6
DA:80,6
DA:85,6
DA:87,6
DA:88,6
DA:89,6
DA:90,6
DA:91,6
DA:93,6
DA:94,6
DA:95,6
DA:96,6
DA:97,6
DA:98,6
DA:100,6
DA:101,6
LF:47
LH:47
end_of_record
TN:
SF:/Users/jamesgaddum/Dev/calc/calc-rs/contracts/dca/src/handlers/disburse_funds.rs
FNF:0
DA:17,22
DA:22,44
DA:23,44
DA:25,22
DA:26,22
DA:28,22
DA:30,34
DA:32,34
DA:33,17
DA:34,17
DA:36,34
DA:37,17
DA:38,17
DA:40,34
DA:41,34
DA:43,34
DA:44,34
DA:46,34
DA:47,17
DA:48,34
DA:49,17
DA:50,17
DA:52,17
DA:53,17
DA:54,17
DA:55,17
DA:56,17
DA:57,17
DA:60,17
DA:61,17
DA:63,17
DA:65,17
DA:66,17
DA:67,17
DA:68,17
DA:69,17
DA:70,17
DA:71,17
DA:72,15
DA:74,2
DA:81,34
DA:85,17
DA:86,17
DA:87,17
DA:88,17
DA:89,17
DA:90,17
DA:91,17
DA:92,17
DA:97,17
DA:98,17
DA:99,17
DA:100,17
DA:104,5
DA:105,5
DA:106,5
DA:107,5
DA:108,5
DA:109,5
DA:114,5
DA:115,5
DA:116,5
DA:121,22
DA:122,11
DA:124,2
DA:125,2
DA:126,2
DA:130,11
DA:133,22
DA:134,22
DA:135,22
LF:71
LH:71
end_of_record
TN:
SF:/Users/jamesgaddum/Dev/calc/calc-rs/contracts/dca/src/handlers/execute_trigger.rs
FNF:0
DA:27,32
DA:29,60
DA:31,30
DA:33,30
DA:34,30
DA:36,30
DA:38,30
DA:39,2
DA:40,2
DA:41,2
DA:42,2
DA:47,28
DA:48,1
DA:49,1
DA:50,1
DA:51,1
DA:56,54
DA:58,27
DA:59,26
DA:60,27
DA:62,1
DA:63,2
DA:64,2
DA:65,1
DA:66,1
DA:69,1
DA:70,0
DA:71,0
DA:75,1
DA:76,1
DA:77,1
DA:78,1
DA:79,1
DA:81,1
DA:82,1
DA:85,0
DA:86,0
DA:91,0
DA:92,0
DA:93,0
DA:94,0
DA:100,26
DA:101,3
DA:102,3
DA:103,3
DA:104,3
DA:105,3
DA:106,3
DA:111,52
DA:114,26
DA:115,26
DA:116,26
DA:117,26
DA:118,26
DA:119,26
DA:120,26
DA:121,26
DA:126,26
DA:128,39
DA:130,22
DA:131,11
DA:132,11
DA:133,11
DA:134,11
DA:135,11
DA:136,11
DA:140,52
DA:141,6
DA:142,6
DA:143,11
DA:144,5
DA:148,26
DA:150,23
DA:151,23
DA:152,23
DA:153,23
DA:154,23
DA:155,23
DA:156,23
DA:157,23
DA:163,6
DA:164,2
DA:165,2
DA:166,2
DA:167,2
DA:171,3
DA:174,23
DA:175,3
DA:178,40
DA:180,20
DA:182,2
DA:183,2
DA:184,2
DA:185,2
DA:186,2
DA:187,2
DA:192,2
DA:195,18
DA:197,3
DA:198,3
DA:199,3
DA:200,3
DA:201,3
DA:202,3
DA:203,3
DA:209,3
DA:212,30
DA:214,2
DA:215,2
DA:216,2
DA:217,2
DA:218,2
DA:219,2
DA:224,2
DA:227,13
DA:230,13
DA:231,13
DA:232,13
DA:233,13
DA:234,13
DA:235,13
DA:236,13
DA:237,13
DA:241,13
DA:242,13
DA:243,13
DA:244,13
DA:245,13
DA:246,13
DA:247,13
DA:248,13
DA:249,13
DA:251,13
LF:133
LH:125
end_of_record
TN:
SF:/Users/jamesgaddum/Dev/calc/calc-rs/contracts/dca/src/handlers/get_config.rs
FNF:0
DA:4,0
DA:5,0
DA:6,0
LF:3
LH:0
end_of_record
TN:
SF:/Users/jamesgaddum/Dev/calc/calc-rs/contracts/dca/src/handlers/get_custom_swap_fees.rs
FNF:0
DA:4,5
DA:5,5
LF:2
LH:2
end_of_record
TN:
SF:/Users/jamesgaddum/Dev/calc/calc-rs/contracts/dca/src/handlers/get_disburse_escrow_tasks.rs
FNF:0
DA:6,0
DA:11,0
DA:13,0
LF:3
LH:0
end_of_record
TN:
SF:/Users/jamesgaddum/Dev/calc/calc-rs/contracts/dca/src/handlers/get_events.rs
FNF:0
DA:14,10
DA:16,10
DA:18,10
DA:19,24
DA:20,24
DA:21,14
DA:22,3
DA:23,1
DA:27,27
DA:29,335
DA:33,10
LF:11
LH:11
end_of_record
TN:
SF:/Users/jamesgaddum/Dev/calc/calc-rs/contracts/dca/src/handlers/get_events_by_resource_id.rs
FNF:0
DA:15,29
DA:17,29
DA:18,29
DA:19,29
DA:20,29
DA:22,29
DA:23,62
DA:24,62
DA:25,33
DA:26,3
DA:27,1
DA:31,84
DA:33,442
DA:37,29
LF:14
LH:14
end_of_record
TN:
SF:/Users/jamesgaddum/Dev/calc/calc-rs/contracts/dca/src/handlers/get_pairs.rs
FNF:0
DA:4,2
DA:5,2
DA:6,2
LF:3
LH:3
end_of_record
TN:
SF:/Users/jamesgaddum/Dev/calc/calc-rs/contracts/dca/src/handlers/get_time_trigger_ids.rs
FNF:0
DA:12,0
DA:15,0
LF:2
LH:0
end_of_record
TN:
SF:/Users/jamesgaddum/Dev/calc/calc-rs/contracts/dca/src/handlers/get_trigger_id_by_fin_limit_order_idx.rs
FNF:0
DA:6,2
DA:10,4
DA:11,2
DA:12,2
DA:13,2
DA:14,5
DA:16,3
DA:17,1
DA:19,1
LF:9
LH:9
end_of_record
TN:
SF:/Users/jamesgaddum/Dev/calc/calc-rs/contracts/dca/src/handlers/get_vault.rs
FNF:0
DA:4,20
DA:5,40
DA:7,20
LF:3
LH:3
end_of_record
TN:
SF:/Users/jamesgaddum/Dev/calc/calc-rs/contracts/dca/src/handlers/get_vault_performance.rs
FNF:0
DA:8,2
DA:12,4
DA:14,4
DA:16,4
DA:18,2
DA:19,2
DA:20,2
DA:21,2
DA:22,2
DA:25,3
DA:26,1
DA:27,1
DA:28,1
LF:13
LH:13
end_of_record
TN:
SF:/Users/jamesgaddum/Dev/calc/calc-rs/contracts/dca/src/handlers/get_vaults.rs
FNF:0
DA:11,8
DA:13,12
DA:15,6
LF:3
LH:3
end_of_record
TN:
SF:/Users/jamesgaddum/Dev/calc/calc-rs/contracts/dca/src/handlers/get_vaults_by_address.rs
FNF:0
DA:13,7
DA:14,8
DA:16,12
DA:18,6
LF:4
LH:4
end_of_record
TN:
SF:/Users/jamesgaddum/Dev/calc/calc-rs/contracts/dca/src/handlers/handle_failed_automation.rs
FNF:0
DA:12,5
DA:17,10
DA:18,10
DA:20,10
DA:21,5
DA:22,5
DA:24,5
DA:26,5
DA:27,2
DA:28,2
DA:30,3
DA:31,3
DA:32,3
DA:33,3
DA:34,3
DA:35,3
DA:36,3
DA:37,3
DA:42,3
DA:43,3
DA:44,3
DA:45,3
DA:46,3
LF:23
LH:23
end_of_record
TN:
SF:/Users/jamesgaddum/Dev/calc/calc-rs/contracts/dca/src/handlers/instantiate.rs
FNF:0
DA:19,206
DA:21,204
DA:22,204
DA:23,204
DA:24,204
DA:25,204
DA:26,204
DA:27,204
DA:28,204
DA:29,205
DA:30,204
DA:32,202
DA:36,202
DA:37,202
DA:38,202
DA:39,202
DA:40,202
DA:41,202
DA:42,202
DA:43,202
DA:44,202
DA:45,202
DA:46,202
DA:47,202
DA:48,202
DA:52,202
DA:54,202
DA:55,202
DA:56,202
LF:29
LH:29
end_of_record
TN:
SF:/Users/jamesgaddum/Dev/calc/calc-rs/contracts/dca/src/handlers/migrate.rs
FNF:0
DA:26,3
DA:31,6
DA:33,3
DA:34,0
DA:37,3
DA:38,3
DA:39,0
DA:42,3
DA:43,3
DA:44,3
DA:45,3
DA:46,3
DA:47,3
DA:48,3
DA:49,3
DA:50,3
DA:51,3
DA:53,3
DA:57,3
DA:58,3
DA:59,3
DA:60,3
DA:61,3
DA:62,3
DA:63,3
DA:64,3
DA:65,3
DA:66,3
DA:67,3
DA:68,3
DA:69,3
DA:73,3
DA:74,3
DA:75,126
DA:78,83
DA:79,40
DA:82,81
DA:83,117
DA:85,78
DA:86,78
DA:87,78
DA:88,78
DA:92,78
DA:93,78
DA:94,78
DA:95,78
DA:96,78
DA:98,78
DA:99,78
DA:104,3
DA:106,3
DA:107,3
DA:108,3
LF:53
LH:51
end_of_record
TN:
SF:/Users/jamesgaddum/Dev/calc/calc-rs/contracts/dca/src/handlers/migrate_vaults.rs
FNF:0
DA:13,9
DA:18,18
DA:20,25
DA:22,9
DA:23,9
DA:25,9
DA:26,1
DA:29,8
DA:31,208
DA:32,100
DA:34,100
DA:36,200
DA:38,100
DA:39,100
DA:40,100
DA:41,100
DA:47,8
DA:48,8
DA:49,8
DA:50,8
DA:51,8
DA:52,8
LF:22
LH:22
end_of_record
TN:
SF:/Users/jamesgaddum/Dev/calc/calc-rs/contracts/dca/src/handlers/remove_custom_swap_fee.rs
FNF:0
DA:13,2
DA:15,4
DA:17,2
DA:18,1
DA:19,1
DA:23,1
DA:25,1
DA:26,1
DA:27,1
LF:9
LH:9
end_of_record
TN:
SF:/Users/jamesgaddum/Dev/calc/calc-rs/contracts/dca/src/handlers/save_limit_order_id.rs
FNF:0
DA:8,3
DA:9,3
DA:11,6
DA:15,6
DA:17,6
DA:19,3
DA:20,1
DA:21,1
DA:25,3
DA:27,1
DA:28,1
DA:29,1
DA:30,1
DA:31,1
DA:32,1
DA:37,1
DA:38,1
DA:42,1
DA:43,1
DA:44,1
LF:20
LH:20
end_of_record
TN:
SF:/Users/jamesgaddum/Dev/calc/calc-rs/contracts/dca/src/handlers/update_config.rs
FNF:0
DA:30,14
DA:31,28
DA:34,14
DA:35,14
DA:36,14
DA:37,14
DA:39,14
DA:41,14
DA:43,14
DA:44,14
DA:45,14
DA:47,14
DA:48,14
DA:52,15
DA:53,13
DA:54,14
DA:55,13
DA:56,12
DA:57,10
DA:58,10
DA:59,11
DA:60,9
DA:61,10
DA:63,8
DA:66,14
DA:68,7
DA:69,7
DA:70,7
LF:28
LH:28
end_of_record
TN:
SF:/Users/jamesgaddum/Dev/calc/calc-rs/contracts/dca/src/handlers/update_swap_adjustment_handler.rs
FNF:0
DA:16,5
DA:17,4
DA:18,2
DA:20,2
DA:21,2
DA:22,2
LF:6
LH:6
end_of_record
TN:
SF:/Users/jamesgaddum/Dev/calc/calc-rs/contracts/dca/src/handlers/update_vault.rs
FNF:0
DA:20,19
DA:31,38
DA:33,20
DA:34,19
DA:36,17
DA:38,17
DA:39,17
DA:41,19
DA:42,3
DA:44,1
DA:45,1
DA:48,22
DA:49,7
DA:50,1
DA:51,1
DA:52,1
DA:53,1
DA:57,7
DA:58,5
DA:59,6
DA:60,6
DA:62,2
DA:63,2
DA:66,14
DA:67,3
DA:68,1
DA:69,1
DA:72,13
DA:73,1
DA:74,1
DA:77,13
DA:78,3
DA:79,1
DA:80,1
DA:83,4
DA:85,3
DA:86,3
DA:87,3
DA:88,2
DA:90,1
DA:91,1
DA:92,1
DA:93,1
DA:94,1
DA:98,2
DA:99,2
DA:100,2
DA:101,2
DA:103,2
DA:107,1
DA:108,1
DA:109,1
DA:110,1
DA:111,1
DA:113,1
DA:116,6
DA:119,8
DA:121,1
DA:122,1
DA:123,1
DA:124,1
DA:126,1
DA:127,1
DA:129,1
DA:130,1
DA:131,1
DA:132,1
DA:138,7
DA:139,7
LF:69
LH:69
end_of_record
TN:
SF:/Users/jamesgaddum/Dev/calc/calc-rs/contracts/dca/src/handlers/z_delegate.rs
FNF:0
DA:18,6
DA:19,2
DA:20,2
DA:22,2
DA:24,2
DA:26,2
DA:27,2
DA:28,2
DA:29,2
DA:30,2
DA:31,2
DA:33,2
DA:34,2
DA:35,2
DA:36,2
DA:38,2
DA:39,2
DA:40,2
DA:41,2
DA:42,2
DA:43,2
DA:44,2
DA:45,2
DA:46,2
DA:47,2
DA:51,2
DA:56,2
DA:57,4
DA:58,1
DA:59,1
DA:62,2
DA:63,2
DA:64,2
LF:33
LH:33
end_of_record
TN:
SF:/Users/jamesgaddum/Dev/calc/calc-rs/contracts/dca/src/helpers/authz.rs
FNF:0
DA:5,3
DA:7,3
DA:8,3
LF:3
LH:3
end_of_record
TN:
SF:/Users/jamesgaddum/Dev/calc/calc-rs/contracts/dca/src/helpers/coin.rs
FNF:0
DA:3,21
DA:4,21
DA:5,1
DA:6,1
DA:7,1
DA:11,20
DA:12,20
DA:13,20
DA:17,44
DA:18,44
DA:19,1
DA:20,1
DA:21,1
DA:25,43
DA:26,43
DA:27,43
DA:28,43
DA:29,43
DA:30,43
DA:34,68
DA:36,68
DA:37,68
DA:41,2
DA:43,2
DA:44,2
DA:48,16
DA:50,16
DA:51,16
LF:28
LH:28
end_of_record
TN:
SF:/Users/jamesgaddum/Dev/calc/calc-rs/contracts/dca/src/helpers/disbursement.rs
FNF:0
DA:10,30
DA:15,30
DA:17,30
DA:18,30
DA:20,66
DA:21,36
DA:22,36
DA:23,36
DA:24,36
DA:25,36
DA:28,36
DA:29,35
DA:30,35
DA:31,35
DA:32,35
DA:33,35
DA:35,35
DA:37,62
DA:38,27
DA:39,27
DA:40,27
DA:41,27
DA:42,27
DA:44,27
DA:49,35
DA:50,35
DA:51,35
DA:54,35
DA:57,1
DA:61,30
DA:63,30
LF:31
LH:31
end_of_record
TN:
SF:/Users/jamesgaddum/Dev/calc/calc-rs/contracts/dca/src/helpers/fees.rs
FNF:0
DA:19,23
DA:26,46
DA:28,23
DA:29,23
DA:31,47
DA:32,30
DA:33,0
DA:35,24
DA:36,24
DA:37,24
DA:38,6
DA:39,6
DA:40,6
DA:41,18
DA:42,12
DA:43,6
DA:45,18
DA:51,23
DA:52,23
DA:53,47
DA:54,66
DA:55,42
DA:56,42
DA:57,42
DA:58,42
DA:59,42
DA:60,42
DA:63,42
DA:64,19
DA:65,19
DA:66,0
DA:67,0
DA:69,0
DA:70,0
DA:71,0
DA:72,0
DA:73,0
DA:74,0
DA:75,0
DA:76,0
DA:78,0
DA:80,0
DA:85,19
DA:86,19
DA:87,19
DA:91,23
DA:95,23
DA:98,28
DA:99,56
DA:101,28
DA:102,28
DA:103,28
DA:104,28
DA:105,84
DA:106,82
DA:107,28
DA:111,29
DA:112,58
DA:116,29
DA:117,29
DA:119,1
DA:120,1
DA:122,1
DA:123,1
DA:124,17
DA:126,1
DA:128,16
DA:129,9
DA:135,16
DA:136,16
DA:137,16
DA:138,31
DA:139,15
DA:140,15
DA:141,15
DA:142,15
DA:143,15
DA:144,15
DA:146,15
DA:147,15
DA:148,15
DA:150,15
DA:151,15
DA:152,15
DA:153,15
DA:155,15
DA:156,15
DA:157,15
DA:158,15
DA:159,15
LF:90
LH:77
end_of_record
TN:
SF:/Users/jamesgaddum/Dev/calc/calc-rs/contracts/dca/src/helpers/math.rs
FNF:0
DA:3,129
DA:4,129
DA:5,129
DA:6,129
LF:4
LH:4
end_of_record
TN:
SF:/Users/jamesgaddum/Dev/calc/calc-rs/contracts/dca/src/helpers/price.rs
FNF:0
DA:36,45
DA:41,90
DA:42,45
DA:43,0
DA:46,90
DA:47,45
DA:48,45
DA:49,45
DA:50,45
DA:54,90
DA:55,45
DA:56,0
DA:59,45
DA:60,0
DA:61,0
DA:62,0
DA:66,45
DA:68,45
DA:69,45
DA:70,0
DA:71,0
DA:72,0
DA:76,35
DA:81,35
DA:82,35
DA:83,35
DA:84,35
DA:85,35
DA:86,35
DA:88,35
DA:94,24
DA:99,48
DA:101,24
DA:102,24
DA:103,24
DA:107,11
DA:108,22
DA:110,11
DA:111,11
DA:112,11
DA:116,2
DA:122,4
DA:123,2
DA:125,2
DA:127,2
DA:128,0
DA:129,0
DA:134,2
DA:135,2
DA:136,2
DA:137,2
DA:138,2
DA:142,7
DA:149,14
DA:150,4
DA:151,3
DA:154,7
DA:155,5
DA:158,2
DA:159,2
DA:161,2
DA:162,2
DA:164,2
DA:166,2
LF:64
LH:54
end_of_record
TN:
SF:/Users/jamesgaddum/Dev/calc/calc-rs/contracts/dca/src/helpers/state.rs
FNF:0
DA:4,14
DA:5,42
DA:6,14
DA:7,14
LF:4
LH:4
end_of_record
TN:
SF:/Users/jamesgaddum/Dev/calc/calc-rs/contracts/dca/src/helpers/time.rs
FNF:0
DA:6,3
DA:7,3
DA:10,83
DA:15,83
DA:16,83
DA:19,83
DA:20,83
DA:23,83
DA:25,83
DA:27,76
DA:28,35
DA:31,77
DA:32,77
DA:34,77
DA:35,77
DA:36,77
DA:37,77
DA:38,77
DA:40,77
DA:41,77
DA:45,83
DA:48,28
DA:53,28
DA:54,28
DA:57,10428
DA:58,10400
DA:59,10400
DA:60,10400
DA:64,10602
DA:65,10602
DA:66,12
DA:67,12
DA:68,12
DA:69,20
DA:70,12
DA:71,10442
DA:72,20
DA:73,12
DA:74,48
DA:75,12
DA:79,125
DA:80,125
DA:83,61
DA:84,61
DA:85,61
DA:86,61
DA:88,66
DA:89,5
DA:90,5
DA:93,61
DA:95,61
DA:96,61
DA:97,61
DA:99,61
DA:101,61
DA:104,0
DA:106,0
DA:108,0
DA:110,0
DA:115,0
DA:116,0
DA:119,61
DA:120,61
DA:121,61
DA:122,0
DA:123,0
DA:124,0
DA:125,0
DA:127,0
LF:69
LH:58
end_of_record
TN:
SF:/Users/jamesgaddum/Dev/calc/calc-rs/contracts/dca/src/helpers/validation.rs
FNF:0
DA:17,46
DA:18,90
DA:19,5
DA:20,5
DA:23,41
DA:26,75
DA:27,150
DA:28,75
DA:29,3
DA:30,3
DA:33,72
DA:36,51
DA:40,102
DA:41,51
DA:42,1
DA:44,50
DA:47,12
DA:52,24
DA:53,12
DA:54,12
DA:55,1
DA:57,1
DA:59,11
DA:62,19
DA:63,19
DA:64,1
DA:66,18
DA:69,11
DA:74,22
DA:75,12
DA:76,1
DA:78,10
DA:81,0
DA:86,0
DA:87,0
DA:88,0
DA:90,0
DA:93,39
DA:94,39
DA:95,3
DA:96,3
DA:99,36
DA:102,27
DA:103,27
DA:104,1
DA:105,1
DA:108,26
DA:111,0
DA:115,0
DA:116,0
DA:117,0
DA:118,0
DA:119,0
DA:123,0
DA:126,10
DA:130,10
DA:131,1
DA:132,1
DA:133,1
DA:134,1
DA:138,9
DA:141,0
DA:145,0
DA:146,0
DA:147,0
DA:150,0
DA:153,26
DA:157,26
DA:158,1
DA:159,1
DA:162,25
DA:165,0
DA:168,0
DA:169,0
DA:170,0
DA:173,0
DA:176,0
DA:180,0
DA:181,0
DA:182,0
DA:184,0
DA:186,0
DA:189,216
DA:193,651
DA:194,218
DA:195,218
DA:197,218
DA:198,218
DA:203,215
DA:206,666
DA:207,666
DA:208,3
DA:209,3
DA:212,663
DA:215,213
DA:218,213
DA:219,1
DA:220,1
DA:223,212
DA:226,217
DA:227,217
DA:228,0
DA:229,0
DA:232,217
DA:235,221
DA:238,221
DA:239,3
DA:240,3
DA:243,218
DA:246,217
DA:249,217
DA:250,1
DA:251,1
DA:254,216
DA:257,0
DA:261,0
DA:262,0
DA:263,0
DA:265,0
DA:267,0
DA:270,0
DA:274,0
DA:276,0
DA:278,0
DA:280,0
DA:283,495
DA:288,495
DA:289,495
DA:290,1484
DA:291,496
DA:292,1
DA:296,217
DA:301,217
DA:303,652
DA:306,0
DA:309,0
DA:310,0
DA:311,0
DA:312,0
DA:314,0
DA:316,0
DA:317,0
DA:320,0
DA:323,215
DA:326,215
DA:327,215
DA:328,432
DA:329,217
DA:331,215
DA:333,2
DA:334,2
DA:337,213
DA:340,0
DA:343,0
DA:344,0
DA:345,0
DA:348,0
DA:351,0
DA:354,0
DA:355,0
DA:356,0
DA:359,0
DA:363,503
DA:364,231
DA:365,1
DA:366,1
DA:368,230
DA:369,2
DA:370,2
DA:374,269
DA:377,2
DA:381,2
DA:383,2
DA:384,0
DA:385,0
DA:388,2
DA:391,2
DA:392,2
DA:393,0
DA:394,0
DA:397,2
DA:400,6
DA:401,6
DA:402,18
DA:403,1
DA:404,1
DA:407,5
DA:410,17
DA:414,17
DA:416,53
DA:417,21
DA:418,4
DA:419,4
DA:420,8
DA:421,3
DA:422,1
DA:423,1
DA:424,1
DA:430,22
DA:434,50
DA:435,28
DA:437,22
DA:440,2
DA:441,2
DA:442,1
DA:443,1
DA:446,1
DA:449,24
DA:454,24
DA:455,71
DA:456,25
DA:457,1
DA:465,9
DA:467,6
DA:468,5
DA:469,1
DA:470,1
DA:471,1
DA:476,3
DA:478,0
DA:479,0
DA:480,0
DA:483,3
DA:486,14
DA:487,1
DA:488,1
DA:489,1
DA:491,13
DA:499,11
DA:500,3
DA:501,2
DA:502,2
DA:506,6
DA:509,13
DA:513,13
DA:514,1
DA:515,1
DA:518,12
DA:522,30
DA:523,3
DA:524,2
DA:525,2
DA:529,25
DA:532,32
DA:535,32
DA:536,2
DA:537,2
DA:540,30
DA:543,21
DA:546,69
DA:547,2
DA:548,2
DA:551,19
DA:554,19
DA:557,19
DA:558,19
DA:559,42
DA:560,23
DA:562,19
DA:564,3
DA:565,3
DA:568,16
DA:571,3
DA:575,5
DA:576,1
DA:577,1
DA:578,1
DA:579,1
DA:580,1
DA:581,1
DA:585,2
DA:588,2
DA:591,2
DA:592,0
DA:593,0
DA:596,2
LF:276
LH:207
end_of_record
TN:
SF:/Users/jamesgaddum/Dev/calc/calc-rs/contracts/dca/src/helpers/vault.rs
FNF:0
DA:27,0
DA:28,0
DA:29,0
DA:32,33
DA:33,66
DA:35,6
DA:36,6
DA:37,6
DA:39,12
DA:40,12
DA:41,6
DA:42,6
DA:44,6
DA:45,4
DA:46,0
DA:48,4
DA:49,4
DA:50,12
DA:53,2
DA:54,2
DA:55,4
DA:58,10
DA:59,17
DA:62,33
DA:64,33
DA:65,33
DA:66,33
DA:70,9
DA:77,9
DA:78,9
DA:79,9
DA:80,9
DA:81,9
DA:82,9
DA:83,9
DA:86,9
DA:87,14
DA:88,4
DA:89,4
DA:90,4
DA:91,4
DA:92,4
DA:93,5
DA:94,3
DA:95,4
DA:96,2
DA:100,6
DA:101,6
DA:103,6
DA:104,6
DA:105,6
DA:106,6
DA:107,6
DA:109,6
DA:110,6
DA:111,6
DA:113,6
DA:114,6
DA:115,6
DA:118,0
DA:119,0
DA:124,17
DA:132,17
DA:133,2
DA:135,15
DA:136,15
DA:138,30
DA:139,4
DA:141,11
DA:144,15
DA:146,15
DA:147,4
DA:150,22
DA:153,11
DA:154,11
DA:155,11
DA:158,11
DA:160,2
DA:161,2
DA:162,2
DA:163,2
DA:164,2
DA:165,2
DA:166,2
DA:172,2
DA:173,2
DA:175,2
DA:179,9
DA:180,9
DA:181,9
DA:184,9
DA:186,2
DA:187,2
DA:188,2
DA:189,2
DA:190,2
DA:191,2
DA:196,2
DA:197,2
DA:199,2
DA:202,7
DA:203,14
DA:205,7
DA:206,7
DA:207,7
DA:210,7
DA:211,7
DA:212,7
DA:213,7
DA:214,7
DA:215,7
DA:218,7
DA:222,7
DA:224,7
DA:225,7
DA:227,7
DA:230,7
DA:231,7
DA:232,7
DA:233,7
DA:234,7
DA:235,7
DA:236,7
DA:237,7
DA:242,7
DA:243,7
DA:244,7
DA:245,7
DA:247,7
LF:129
LH:123
end_of_record
TN:
SF:/Users/jamesgaddum/Dev/calc/calc-rs/contracts/dca/src/mappers/destination.rs
FNF:0
DA:5,302
DA:10,302
DA:12,2
DA:13,2
DA:18,300
DA:19,300
LF:6
LH:6
end_of_record
TN:
SF:/Users/jamesgaddum/Dev/calc/calc-rs/contracts/dca/src/mappers/vault.rs
FNF:0
DA:21,299
DA:23,299
DA:24,299
DA:25,299
DA:26,299
DA:27,299
DA:32,299
DA:33,299
DA:34,299
DA:35,299
DA:36,299
DA:37,299
DA:38,299
DA:39,299
DA:40,299
DA:46,299
DA:50,299
DA:51,299
DA:57,299
DA:58,897
DA:59,583
DA:66,583
DA:76,299
DA:77,299
DA:78,296
DA:79,1
DA:80,1
DA:81,1
DA:87,299
DA:88,299
DA:89,299
DA:90,0
DA:91,0
DA:92,0
DA:93,0
DA:94,0
DA:95,0
DA:96,0
DA:97,0
DA:103,362
DA:104,362
DA:105,40
DA:106,322
DA:112,399
DA:113,399
DA:115,1
DA:116,1
DA:118,1
DA:121,398
DA:129,0
DA:131,0
DA:132,0
DA:138,40
DA:140,40
DA:141,40
DA:142,40
LF:56
LH:45
end_of_record
TN:
SF:/Users/jamesgaddum/Dev/calc/calc-rs/contracts/dca/src/state/config.rs
FNF:0
DA:7,327
DA:8,327
DA:12,215
DA:13,215
LF:4
LH:4
end_of_record
TN:
SF:/Users/jamesgaddum/Dev/calc/calc-rs/contracts/dca/src/state/custom_fees.rs
FNF:0
DA:6,8
DA:11,8
DA:14,1
DA:15,1
DA:18,60
DA:19,60
DA:22,5
DA:23,5
DA:24,5
LF:9
LH:9
end_of_record
TN:
SF:/Users/jamesgaddum/Dev/calc/calc-rs/contracts/dca/src/state/data_fixes.rs
FNF:0
DA:44,0
DA:47,0
DA:48,0
DA:53,0
DA:56,0
DA:57,0
DA:58,0
DA:59,0
DA:71,0
DA:72,0
DA:73,0
DA:77,0
DA:79,0
DA:88,0
DA:91,0
DA:92,0
DA:93,0
DA:94,0
DA:97,0
DA:101,0
DA:102,0
DA:104,0
LF:22
LH:0
end_of_record
TN:
SF:/Users/jamesgaddum/Dev/calc/calc-rs/contracts/dca/src/state/disburse_escrow_tasks.rs
FNF:0
DA:12,15
DA:13,15
DA:14,15
DA:18,37
DA:21,37
DA:27,37
DA:30,11
DA:35,11
DA:36,11
DA:37,11
DA:38,11
DA:42,7
DA:46,7
DA:47,7
DA:48,31
DA:51,11
DA:56,11
DA:57,11
DA:58,11
DA:59,11
DA:60,11
DA:61,11
DA:62,11
DA:63,11
DA:64,11
DA:66,11
DA:68,24
DA:69,49
DA:70,11
DA:73,8
DA:74,8
LF:31
LH:31
end_of_record
TN:
SF:/Users/jamesgaddum/Dev/calc/calc-rs/contracts/dca/src/state/events.rs
FNF:0
DA:13,385
DA:14,385
DA:15,385
DA:19,424
DA:21,424
DA:30,424
DA:33,385
DA:34,770
DA:35,385
DA:36,385
DA:37,385
DA:38,385
DA:40,385
DA:43,18
DA:44,574
DA:45,278
DA:47,18
DA:50,0
DA:51,0
DA:52,0
LF:20
LH:17
end_of_record
TN:
SF:/Users/jamesgaddum/Dev/calc/calc-rs/contracts/dca/src/state/old_swap_adjustments.rs
FNF:0
DA:10,78
DA:11,78
DA:12,39
DA:13,39
DA:17,6
DA:18,6
DA:19,3
DA:20,3
DA:24,156
DA:25,156
DA:26,78
DA:27,78
DA:31,6
DA:37,162
DA:38,78
DA:40,6
DA:43,78
DA:49,78
DA:50,78
DA:51,78
DA:52,78
DA:53,0
DA:55,78
DA:56,78
DA:57,78
LF:25
LH:24
end_of_record
TN:
SF:/Users/jamesgaddum/Dev/calc/calc-rs/contracts/dca/src/state/old_triggers.rs
FNF:0
DA:14,181
DA:15,181
DA:16,161
DA:17,161
DA:18,161
DA:20,161
DA:22,156
DA:23,156
DA:24,156
DA:27,5
DA:28,5
DA:29,5
DA:33,20
DA:34,20
DA:35,20
DA:36,20
DA:37,20
DA:38,20
DA:43,181
DA:46,614
DA:47,614
DA:50,1
DA:51,2
DA:52,1
DA:53,1
DA:54,1
DA:55,1
DA:56,1
DA:58,1
DA:59,1
DA:60,3
DA:61,2
DA:62,1
DA:64,0
DA:68,0
DA:69,0
DA:70,0
DA:74,1
LF:38
LH:34
end_of_record
TN:
SF:/Users/jamesgaddum/Dev/calc/calc-rs/contracts/dca/src/state/old_vaults.rs
FNF:0
DA:42,173
DA:44,173
DA:45,173
DA:46,173
DA:47,173
DA:48,173
DA:49,173
DA:50,173
DA:51,173
DA:52,173
DA:53,173
DA:54,173
DA:55,173
DA:56,173
DA:57,173
DA:58,173
DA:59,173
DA:64,614
DA:71,614
DA:72,614
DA:73,614
DA:74,614
DA:75,614
DA:76,1229
DA:77,614
DA:80,614
DA:81,614
DA:82,614
DA:83,614
DA:84,614
DA:85,614
DA:86,614
DA:88,614
DA:89,614
DA:90,614
DA:91,614
DA:92,614
DA:93,614
DA:94,614
DA:102,614
DA:103,1228
DA:104,614
DA:105,613
DA:106,1
DA:112,614
DA:113,614
DA:114,614
DA:115,614
DA:124,176
DA:125,176
DA:126,176
DA:130,491
DA:132,1158
DA:133,491
DA:138,491
DA:141,7
DA:142,21
DA:143,7
DA:144,7
DA:145,7
DA:146,7
DA:148,7
DA:149,0
DA:151,7
DA:152,7
DA:155,304
DA:156,608
DA:158,304
DA:159,304
DA:160,1212
DA:161,304
DA:162,304
DA:166,0
DA:173,0
DA:174,0
DA:175,0
DA:176,0
DA:177,0
DA:178,0
DA:181,0
DA:182,0
DA:183,0
DA:184,0
DA:185,0
DA:186,0
DA:188,0
DA:189,0
DA:190,0
DA:191,0
DA:192,0
DA:193,0
DA:194,0
DA:195,0
DA:196,0
DA:197,0
DA:199,0
DA:200,0
DA:201,0
DA:202,0
DA:203,0
DA:206,0
DA:209,14
DA:214,14
DA:215,14
DA:216,14
DA:217,14
DA:218,14
DA:219,14
DA:221,14
DA:222,324
DA:223,310
DA:224,620
DA:225,310
DA:226,310
DA:227,310
DA:228,310
DA:229,310
DA:230,0
DA:232,310
DA:233,620
DA:234,930
DA:235,310
DA:236,310
DA:239,14
DA:243,163
DA:244,163
DA:245,163
DA:246,163
DA:248,323
DA:249,160
DA:251,163
LF:131
LH:100
end_of_record
TN:
SF:/Users/jamesgaddum/Dev/calc/calc-rs/contracts/dca/src/state/pairs.rs
FNF:0
DA:7,410
DA:8,410
DA:11,525
DA:12,525
DA:13,525
DA:16,114
DA:17,114
DA:20,9
DA:21,9
DA:22,9
DA:23,99
DA:27,1
DA:28,1
LF:13
LH:13
end_of_record
TN:
SF:/Users/jamesgaddum/Dev/calc/calc-rs/contracts/dca/src/state/state_helpers.rs
FNF:0
DA:4,392
DA:5,1176
DA:6,392
DA:7,392
LF:4
LH:4
end_of_record
TN:
SF:/Users/jamesgaddum/Dev/calc/calc-rs/contracts/dca/src/state/swap_adjustments.rs
FNF:0
DA:14,148
DA:20,148
DA:21,148
DA:22,148
DA:23,148
DA:24,148
DA:25,148
DA:30,39
DA:35,39
DA:36,39
DA:37,44
DA:38,5
DA:39,5
DA:42,39
DA:43,38
DA:45,1
LF:16
LH:16
end_of_record
TN:
SF:/Users/jamesgaddum/Dev/calc/calc-rs/contracts/dca/src/state/triggers.rs
FNF:0
DA:12,537
DA:13,537
DA:14,537
DA:18,3219
DA:20,3219
DA:28,3219
DA:38,3219
DA:41,484
DA:42,484
DA:45,2672
DA:46,2672
DA:49,53
DA:50,53
DA:53,7
DA:58,7
DA:59,7
DA:60,7
DA:61,7
DA:62,7
DA:63,7
DA:64,7
DA:65,7
DA:66,7
DA:68,7
DA:70,7
DA:71,35
DA:72,7
DA:75,1
DA:79,1
DA:80,1
DA:81,1
DA:82,1
DA:83,5
LF:33
LH:33
end_of_record
TN:
SF:/Users/jamesgaddum/Dev/calc/calc-rs/contracts/dca/src/state/vaults.rs
FNF:0
DA:24,568
DA:25,568
DA:26,568
DA:30,3076
DA:32,6720
DA:33,3076
DA:38,3076
DA:41,100
DA:42,100
DA:45,14
DA:46,42
DA:47,14
DA:48,14
DA:51,2536
DA:52,5072
DA:53,2202
DA:56,6
DA:63,12
DA:64,1
DA:65,1
DA:66,1
DA:67,1
DA:68,5
DA:71,6
DA:72,6
DA:73,6
DA:74,6
DA:75,6
DA:76,6
DA:78,16
DA:79,207
DA:80,6
DA:81,6
DA:84,26
DA:90,26
DA:91,26
DA:92,26
DA:93,26
DA:94,26
DA:95,35
DA:96,9
DA:97,0
DA:100,57
DA:101,1255
DA:102,26
DA:103,26
DA:107,394
DA:108,394
DA:136,508
DA:138,508
DA:139,508
DA:140,508
DA:141,508
DA:142,508
DA:143,508
DA:144,508
DA:145,508
DA:146,508
DA:147,508
DA:148,508
DA:149,508
DA:150,508
DA:151,508
DA:152,508
DA:153,508
DA:154,508
DA:155,508
DA:156,508
DA:157,508
DA:162,2668
DA:163,13329
DA:165,2668
DA:166,2668
DA:167,2668
DA:168,2668
DA:169,2668
DA:170,2668
DA:171,2668
DA:172,2668
DA:173,2668
DA:174,2668
DA:175,2668
DA:176,2668
DA:177,2668
DA:178,2668
DA:179,2668
DA:180,2668
DA:181,2668
DA:182,2668
DA:183,2668
DA:184,2668
DA:185,2668
DA:186,2668
LF:93
LH:92
end_of_record
TN:
SF:/Users/jamesgaddum/Dev/calc/calc-rs/contracts/dca/src/types/dca_plus_config.rs
FNF:0
DA:16,0
DA:25,0
DA:26,0
DA:27,0
DA:28,0
DA:32,2
DA:33,2
DA:34,0
DA:38,2
DA:39,2
DA:43,0
DA:44,0
LF:12
LH:4
end_of_record
TN:
SF:/Users/jamesgaddum/Dev/calc/calc-rs/contracts/dca/src/types/event.rs
FNF:0
DA:66,156
DA:69,156
DA:70,156
DA:75,390
DA:78,390
DA:79,390
DA:80,390
DA:81,390
LF:8
LH:8
end_of_record
TN:
SF:/Users/jamesgaddum/Dev/calc/calc-rs/contracts/dca/src/types/old_vault.rs
FNF:0
DA:36,289
DA:37,289
DA:38,3
DA:39,286
DA:43,0
DA:44,0
DA:47,598
DA:48,598
DA:49,4
DA:51,594
DA:54,4
DA:55,4
DA:56,4
DA:58,6
DA:59,2
DA:60,2
DA:61,2
DA:66,4
DA:67,4
DA:68,4
DA:69,4
DA:70,4
DA:71,4
DA:74,4
DA:75,4
DA:76,4
DA:77,4
DA:78,4
DA:82,5
DA:88,5
DA:89,0
DA:90,0
DA:94,10
DA:96,2
DA:99,3
DA:103,5
DA:104,3
DA:107,2
DA:108,2
DA:110,2
DA:111,2
DA:113,2
DA:115,2
DA:118,4
DA:119,4
DA:122,4
DA:123,8
DA:124,2
DA:125,2
DA:128,4
DA:131,0
DA:132,0
DA:135,0
DA:136,0
DA:139,0
DA:140,0
DA:143,0
DA:144,0
DA:147,0
DA:148,0
DA:149,0
DA:150,0
DA:151,0
DA:152,0
DA:153,0
DA:154,0
DA:158,0
DA:159,0
LF:68
LH:46
end_of_record
TN:
SF:/Users/jamesgaddum/Dev/calc/calc-rs/contracts/dca/src/types/pair.rs
FNF:0
DA:13,12
DA:14,12
DA:15,9
DA:17,3
DA:21,425
DA:22,425
DA:25,0
DA:26,0
DA:27,0
DA:29,0
LF:10
LH:6
end_of_record
TN:
SF:/Users/jamesgaddum/Dev/calc/calc-rs/contracts/dca/src/types/performance_assessment_strategy.rs
FNF:0
DA:20,15
DA:21,15
DA:22,15
DA:23,15
DA:28,15
DA:29,15
DA:30,15
LF:7
LH:7
end_of_record
TN:
SF:/Users/jamesgaddum/Dev/calc/calc-rs/contracts/dca/src/types/swap_adjustment_strategy.rs
FNF:0
DA:38,187
DA:39,187
DA:42,40
DA:43,40
DA:44,40
DA:45,0
DA:49,4
DA:50,4
DA:51,4
DA:52,0
DA:56,5
DA:57,5
DA:58,5
DA:59,0
DA:60,0
LF:15
LH:11
end_of_record
TN:
SF:/Users/jamesgaddum/Dev/calc/calc-rs/contracts/dca/src/types/time_interval.rs
FNF:0
DA:18,1
DA:19,1
DA:20,0
DA:21,0
DA:22,0
DA:23,0
DA:24,0
DA:25,0
DA:26,0
DA:27,0
DA:28,0
DA:29,1
LF:12
LH:3
end_of_record
TN:
SF:/Users/jamesgaddum/Dev/calc/calc-rs/contracts/dca/src/types/vault.rs
FNF:0
DA:45,59
DA:46,59
DA:49,250
DA:50,250
DA:53,7
DA:54,14
DA:56,2
DA:58,2
DA:59,2
DA:61,5
DA:65,7
DA:66,7
DA:67,7
DA:68,7
DA:69,7
DA:70,7
DA:73,7
DA:74,7
DA:75,7
DA:76,7
DA:77,7
DA:81,32
DA:82,32
DA:83,41
DA:84,9
DA:86,9
DA:87,9
DA:88,9
DA:90,9
DA:91,9
DA:93,9
DA:97,35
DA:98,35
DA:101,26
DA:102,26
DA:105,71
DA:106,71
DA:109,30
DA:110,30
DA:111,21
DA:112,21
DA:113,31
DA:114,10
DA:119,30
DA:120,30
DA:147,0
DA:191,14
DA:194,14
DA:195,14
DA:196,14
DA:197,14
DA:198,14
DA:199,14
DA:200,14
DA:201,14
DA:202,14
DA:203,14
DA:204,14
DA:205,14
DA:206,14
DA:207,14
DA:208,14
DA:209,14
DA:210,14
DA:211,14
DA:212,14
LF:66
LH:65
end_of_record
TN:
SF:/Users/jamesgaddum/Dev/calc/calc-rs/contracts/dca/src/types/vault_builder.rs
FNF:0
DA:30,10
DA:68,10
DA:71,10
DA:72,10
DA:73,10
DA:74,10
DA:75,10
DA:76,10
DA:77,10
DA:78,10
DA:79,10
DA:80,10
DA:81,10
DA:82,10
DA:83,10
DA:84,10
DA:86,10
LF:17
LH:17
end_of_record
TN:
SF:/Users/jamesgaddum/Dev/calc/calc-rs/contracts/dca/src/util.rs
FNF:0
DA:4,187
DA:8,187
DA:9,187
DA:10,187
LF:4
LH:4
end_of_record
TN:
SF:/Users/jamesgaddum/Dev/calc/calc-rs/packages/base/src/helpers/coin_helpers.rs
FNF:0
DA:3,0
DA:5,0
DA:6,0
DA:10,0
DA:11,0
DA:12,0
DA:13,0
DA:14,0
DA:18,0
DA:19,0
DA:20,0
DA:24,0
DA:25,0
DA:26,0
DA:27,0
DA:28,0
DA:32,0
DA:33,0
DA:34,0
DA:35,0
DA:36,0
DA:37,0
DA:41,0
DA:42,0
DA:43,0
DA:44,0
DA:48,0
DA:50,0
DA:51,0
LF:29
LH:0
end_of_record
TN:
SF:/Users/jamesgaddum/Dev/calc/calc-rs/packages/base/src/helpers/community_pool.rs
FNF:0
DA:5,0
DA:6,0
DA:8,0
DA:9,0
DA:10,0
DA:14,0
DA:20,0
DA:23,0
DA:24,0
DA:25,0
LF:10
LH:0
end_of_record
TN:
SF:/Users/jamesgaddum/Dev/calc/calc-rs/packages/base/src/helpers/math_helpers.rs
FNF:0
DA:3,9
DA:4,9
DA:5,9
DA:6,9
LF:4
LH:4
end_of_record
TN:
SF:/Users/jamesgaddum/Dev/calc/calc-rs/packages/base/src/helpers/message_helpers.rs
FNF:0
DA:6,3
DA:7,3
DA:9,33
DA:12,3
DA:17,3
DA:22,5
DA:26,17
DA:28,5
DA:30,15
DA:31,9
DA:32,4
DA:33,4
DA:37,8
DA:42,23
DA:44,13
DA:46,22
DA:47,22
DA:48,8
DA:49,8
DA:50,8
DA:53,5
LF:21
LH:21
end_of_record
TN:
SF:/Users/jamesgaddum/Dev/calc/calc-rs/packages/base/src/helpers/time_helpers.rs
FNF:0
DA:6,3
DA:7,3
DA:8,2
DA:10,1
DA:14,54
DA:19,54
DA:20,54
DA:22,54
DA:23,54
DA:26,54
DA:28,54
DA:30,76
DA:31,35
DA:34,48
DA:35,48
DA:36,48
DA:38,48
DA:39,48
DA:40,48
DA:41,48
DA:42,48
DA:44,48
DA:45,48
DA:46,48
DA:50,54
DA:53,16
DA:58,16
DA:59,16
DA:62,68
DA:63,52
DA:64,52
DA:65,52
DA:69,244
DA:70,244
DA:71,18
DA:72,18
DA:73,18
DA:74,26
DA:75,18
DA:76,54
DA:77,26
DA:78,18
DA:79,48
DA:83,96
DA:84,96
DA:87,61
DA:88,61
DA:89,61
DA:90,61
DA:92,66
DA:93,5
DA:94,5
DA:97,61
DA:99,61
DA:100,61
DA:101,61
DA:103,61
DA:105,61
DA:108,0
DA:110,0
DA:112,0
DA:114,0
DA:119,0
DA:120,0
DA:123,61
DA:124,61
DA:125,61
DA:126,0
DA:127,0
DA:128,0
DA:129,0
DA:131,0
LF:72
LH:61
end_of_record
TN:
SF:/Users/jamesgaddum/Dev/calc/calc-rs/packages/base/src/vaults/vault.rs
FNF:0
DA:39,3
DA:41,3
DA:42,3
DA:43,3
DA:52,1
DA:54,1
DA:55,1
DA:56,1
LF:8
LH:8
end_of_record
TN:
SF:/Users/jamesgaddum/Dev/calc/calc-rs/packages/fin-helpers/src/limit_orders.rs
FNF:0
DA:4,0
DA:10,0
DA:13,0
DA:14,0
DA:15,0
DA:16,0
DA:18,0
DA:22,0
DA:24,0
DA:28,0
DA:29,0
DA:30,0
DA:31,0
DA:35,0
DA:42,0
DA:43,0
DA:44,0
DA:45,0
LF:18
LH:0
end_of_record
TN:
SF:/Users/jamesgaddum/Dev/calc/calc-rs/packages/fin-helpers/src/queries.rs
FNF:0
DA:9,9
DA:14,18
DA:15,4
DA:16,5
DA:19,18
DA:20,9
DA:21,9
DA:22,9
DA:23,9
DA:27,18
DA:28,4
DA:29,5
DA:32,9
DA:33,0
DA:34,0
DA:35,0
DA:39,9
DA:42,5
DA:47,10
DA:48,2
DA:49,3
DA:52,10
DA:54,5
DA:55,2
DA:56,3
DA:57,3
DA:58,3
DA:62,5
DA:68,5
DA:69,1
DA:70,1
DA:71,1
DA:75,8
DA:76,0
DA:79,8
DA:80,2
DA:81,2
DA:84,4
DA:85,4
DA:86,4
DA:87,4
DA:89,5
DA:90,10
DA:91,5
DA:92,5
DA:93,5
DA:94,5
DA:98,10
DA:99,3
DA:100,2
DA:103,5
DA:104,1
DA:107,44
DA:108,80
DA:109,20
DA:110,20
DA:111,20
DA:112,20
DA:115,40
DA:116,40
DA:118,40
DA:119,0
DA:120,52
DA:121,12
DA:122,12
DA:124,28
DA:125,28
DA:126,28
DA:127,28
DA:128,28
DA:132,4
DA:133,3
DA:136,1
DA:138,1
DA:139,0
DA:143,7
DA:144,1
DA:145,1
DA:146,1
DA:150,3
DA:153,0
DA:154,0
DA:155,0
DA:156,0
DA:158,0
DA:159,0
DA:162,0
DA:165,0
DA:170,0
DA:171,0
DA:174,0
DA:178,0
DA:180,0
DA:181,0
DA:183,0
LF:95
LH:74
end_of_record
TN:
SF:/Users/jamesgaddum/Dev/calc/calc-rs/packages/fin-helpers/src/swaps.rs
FNF:0
DA:11,0
DA:19,0
DA:20,0
DA:22,0
DA:23,0
DA:24,0
DA:25,0
DA:26,0
DA:27,0
DA:28,0
DA:30,0
DA:31,0
DA:32,0
DA:34,0
DA:37,0
DA:38,0
DA:39,0
DA:40,0
DA:41,0
LF:19
LH:0
end_of_record
